<?xml version="1.0" encoding="UTF-8"?>
<!-- Generated by org.testng.reporters.JUnitXMLReporter -->
<testsuite ignored="2" hostname="Emines-Laptop.lan" failures="0" tests="2" name="GroupsDemoTest" time="0.061" errors="0" timestamp="2023-10-11T02:56:30 EDT">
  <testcase classname="com.neotech.lesson03.GroupsDemo" name="test1" time="0.014"/>
  <testcase classname="com.neotech.lesson03.GroupsDemo" name="test3" time="0.001"/>
  <testcase classname="com.neotech.lesson03.GroupsDemo" name="test2" time="0.0">
    <ignored/>
  </testcase> <!-- test2 -->
  <testcase classname="com.neotech.lesson03.GroupsDemo" name="test4" time="0.0">
    <ignored/>
  </testcase> <!-- test4 -->
</testsuite> <!-- GroupsDemoTest -->
