<?xml version="1.0" encoding="UTF-8"?>
<!-- Generated by org.testng.reporters.JUnitXMLReporter -->
<testsuite ignored="0" hostname="Emines-Laptop.lan" failures="0" tests="3" name="Default test" time="260.622" errors="0" timestamp="2023-10-11T14:41:11 EDT">
  <testcase classname="com.neotech.lesson03.HomeWork_1" name="loginAplication" time="88.86"/>
  <testcase classname="com.neotech.lesson03.HomeWork_1" name="loginAplication" time="72.265"/>
  <testcase classname="com.neotech.lesson03.HomeWork_1" name="loginAplication" time="71.52"/>
</testsuite> <!-- Default test -->
