<?xml version="1.0" encoding="UTF-8"?>
<!-- Generated by org.testng.reporters.JUnitXMLReporter -->
<testsuite ignored="1" hostname="Emines-Laptop.lan" failures="0" tests="1" name="Test" time="12.687" errors="0" timestamp="2023-10-10T19:19:17 EDT">
  <testcase classname="com.neotech.lesson02.AssertionDemo" name="logoValidation" time="0.244"/>
  <testcase classname="com.neotech.lesson02.AssertionDemo" name="titleValidation" time="0.0">
    <ignored/>
  </testcase> <!-- titleValidation -->
</testsuite> <!-- Test -->
