<?xml version="1.0" encoding="UTF-8"?>
<!-- Generated by org.testng.reporters.JUnitXMLReporter -->
<testsuite ignored="1" hostname="Emines-Laptop.lan" failures="0" tests="7" name="Test1" time="0.081" errors="0" timestamp="2023-10-11T01:04:36 EDT">
  <testcase classname="com.neotech.lesson02.EnableAndDisable" name="FirstTest" time="0.009"/>
  <testcase classname="com.neotech.lesson02.EnableAndDisable" name="ThirdtTest" time="0.003"/>
  <testcase classname="com.neotech.lesson02.EnableAndDisable" name="FourtTest" time="0.001"/>
  <testcase classname="com.neotech.lesson02.PriorityDemo" name="FirstTest" time="0.001"/>
  <testcase classname="com.neotech.lesson02.PriorityDemo" name="secondTest" time="0.002"/>
  <testcase classname="com.neotech.lesson02.PriorityDemo" name="ThirdtTest" time="0.002"/>
  <testcase classname="com.neotech.lesson02.PriorityDemo" name="FourtTest" time="0.001"/>
  <testcase classname="com.neotech.lesson02.EnableAndDisable" name="secondTest" time="0.0">
    <ignored/>
  </testcase> <!-- secondTest -->
</testsuite> <!-- Test1 -->
