<?xml version="1.0" encoding="UTF-8"?>
<!-- Generated by org.testng.reporters.JUnitXMLReporter -->
<testsuite ignored="2" hostname="Emines-Laptop.lan" failures="0" tests="10" name="HomeWork3Test" time="67.419" errors="0" timestamp="2023-10-11T14:47:17 EDT">
  <testcase classname="com.neotech.lesson03.GroupsDemo" name="test1" time="0.009"/>
  <testcase classname="com.neotech.lesson03.GroupsDemo" name="test2" time="0.0"/>
  <testcase classname="com.neotech.lesson03.GroupsDemo" name="test3" time="0.001"/>
  <testcase classname="com.neotech.lesson03.GroupsDemo" name="test4" time="0.003"/>
  <testcase classname="com.neotech.lesson03.HomeWork1" name="fourthMethod" time="0.002"/>
  <testcase classname="com.neotech.lesson03.HomeWork1" name="thirdMethod" time="0.003"/>
  <testcase classname="com.neotech.lesson03.HomeWork1" name="firstMethod" time="0.002"/>
  <testcase classname="com.neotech.lesson03.DataProviderDemo" name="loginfanctionality" time="13.317"/>
  <testcase classname="com.neotech.lesson03.DataProviderDemo" name="loginfanctionality" time="13.216"/>
  <testcase classname="com.neotech.lesson03.DataProviderDemo" name="loginfanctionality" time="13.007"/>
  <testcase classname="com.neotech.lesson03.HomeWork1" name="secondMethod" time="0.0">
    <ignored/>
  </testcase> <!-- secondMethod -->
  <testcase classname="com.neotech.lesson03.HomeWork_1" name="loginAplication" time="0.0">
    <ignored/>
  </testcase> <!-- loginAplication -->
</testsuite> <!-- HomeWork3Test -->
