<?xml version="1.0" encoding="UTF-8"?>
<testng-results ignored="1" total="1" passed="0" failed="0" skipped="0">
  <reporter-output>
  </reporter-output>
  <suite started-at="2023-10-11T14:56:16 EDT" name="HomeWorkSuite" finished-at="2023-10-11T14:56:16 EDT" duration-ms="11">
    <groups>
    </groups>
    <test started-at="2023-10-11T14:56:16 EDT" name="HomeWorkTest" finished-at="2023-10-11T14:56:16 EDT" duration-ms="11">
    </test> <!-- HomeWorkTest -->
  </suite> <!-- HomeWorkSuite -->
</testng-results>
