<?xml version="1.0" encoding="UTF-8"?>
<!-- Generated by org.testng.reporters.JUnitXMLReporter -->
<testsuite ignored="2" hostname="Emines-Laptop.lan" failures="0" tests="1" name="InculudeExampleTest" time="19.129" errors="0" timestamp="2023-10-11T01:55:44 EDT">
  <testcase classname="com.neotech.lesson01.TitleAndLoginValidation" name="logoValidation" time="0.234"/>
  <testcase classname="com.neotech.lesson01.TitleAndLoginValidation" name="titleValidation" time="0.0">
    <ignored/>
  </testcase> <!-- titleValidation -->
  <testcase classname="com.neotech.lesson01.TitleAndLoginValidation" name="loginValidation" time="0.0">
    <ignored/>
  </testcase> <!-- loginValidation -->
</testsuite> <!-- InculudeExampleTest -->
