<?xml version="1.0" encoding="UTF-8"?>
<!-- Generated by org.testng.reporters.JUnitXMLReporter -->
<testsuite ignored="1" hostname="Emines-Laptop.lan" failures="0" tests="7" name="TestSmoke" time="0.097" errors="0" timestamp="2023-10-11T01:18:47 EDT">
  <testcase classname="com.neotech.lesson02.EnableAndDisable" name="FirstTest" time="0.012"/>
  <testcase classname="com.neotech.lesson02.EnableAndDisable" name="ThirdtTest" time="0.002"/>
  <testcase classname="com.neotech.lesson02.EnableAndDisable" name="FourtTest" time="0.002"/>
  <testcase classname="com.neotech.lesson02.PriorityDemo" name="FirstTest" time="0.022"/>
  <testcase classname="com.neotech.lesson02.PriorityDemo" name="secondTest" time="0.002"/>
  <testcase classname="com.neotech.lesson02.PriorityDemo" name="ThirdtTest" time="0.002"/>
  <testcase classname="com.neotech.lesson02.PriorityDemo" name="FourtTest" time="0.004"/>
  <testcase classname="com.neotech.lesson02.EnableAndDisable" name="secondTest" time="0.0">
    <ignored/>
  </testcase> <!-- secondTest -->
</testsuite> <!-- TestSmoke -->
